Using pre-set license
Built from '2020.2/staging' branch; Version is '2020.2.7f1 (c53830e277f1) revision 12924976'; Using compiler version '192528614'; Build Type 'Release'
OS: 'Windows 10 Home; OS build 19041.985; Version 2004; 64bit' Language: 'es' Physical Memory: 16165 MB
BatchMode: 1, IsHumanControllingUs: 0, StartBugReporterOnCrash: 0, Is64bit: 1, IsPro: 0

 COMMAND LINE ARGUMENTS:
C:\Program Files\Unity\Hub\Editor\2020.2.7f1\Editor\Unity.exe
-adb2
-batchMode
-noUpm
-name
AssetImportWorker0
-projectPath
C:/Users/TEFFA/Desktop/2021/RAV-911/Hito_4/HITO
-logFile
Logs/AssetImportWorker0.log
-srvPort
52798
Successfully changed project path to: C:/Users/TEFFA/Desktop/2021/RAV-911/Hito_4/HITO
C:/Users/TEFFA/Desktop/2021/RAV-911/Hito_4/HITO
Using Asset Import Pipeline V2.
Refreshing native plugins compatible for Editor in 65.72 ms, found 6 plugins.
Preloading 1 native plugins for Editor in 1.32 ms.
Initialize engine version: 2020.2.7f1 (c53830e277f1)
[Subsystems] Discovering subsystems at path C:/Program Files/Unity/Hub/Editor/2020.2.7f1/Editor/Data/Resources/UnitySubsystems
[Subsystems] Discovering subsystems at path C:/Users/TEFFA/Desktop/2021/RAV-911/Hito_4/HITO/Assets
GfxDevice: creating device client; threaded=0
Direct3D:
    Version:  Direct3D 11.0 [level 11.1]
    Renderer: NVIDIA GeForce MX250 (ID=0x1d13)
    Vendor:   
    VRAM:     4027 MB
    Driver:   27.21.14.5206
Initialize mono
Mono path[0] = 'C:/Program Files/Unity/Hub/Editor/2020.2.7f1/Editor/Data/Managed'
Mono path[1] = 'C:/Program Files/Unity/Hub/Editor/2020.2.7f1/Editor/Data/MonoBleedingEdge/lib/mono/unityjit'
Mono config path = 'C:/Program Files/Unity/Hub/Editor/2020.2.7f1/Editor/Data/MonoBleedingEdge/etc'
Using monoOptions --debugger-agent=transport=dt_socket,embedding=1,server=y,suspend=n,address=127.0.0.1:56168
Begin MonoManager ReloadAssembly
Registering precompiled unity dll's ...
Register platform support module: C:/Program Files/Unity/Hub/Editor/2020.2.7f1/Editor/Data/PlaybackEngines/WindowsStandaloneSupport/UnityEditor.WindowsStandalone.Extensions.dll
Registered in 0.003769 seconds.
Native extension for WindowsStandalone target not found
Refreshing native plugins compatible for Editor in 35.85 ms, found 6 plugins.
Preloading 1 native plugins for Editor in 0.13 ms.
Invoked RoslynAnalysisRunner static constructor.
RoslynAnalysisRunner will not be running.
RoslynAnalysisRunner has terminated.
Mono: successfully reloaded assembly
- Completed reload, in  2.173 seconds
Platform modules already initialized, skipping
Registering precompiled user dll's ...
Registered in 0.004074 seconds.
Begin MonoManager ReloadAssembly
Native extension for WindowsStandalone target not found
Refreshing native plugins compatible for Editor in 0.69 ms, found 6 plugins.
Preloading 1 native plugins for Editor in 0.26 ms.
Invoked RoslynAnalysisRunner static constructor.
RoslynAnalysisRunner will not be running.
RoslynAnalysisRunner has terminated.
Mono: successfully reloaded assembly
- Completed reload, in  0.995 seconds
Platform modules already initialized, skipping
========================================================================
Worker process is ready to serve import requests
Launched and connected shader compiler UnityShaderCompiler.exe after 0.07 seconds
Refreshing native plugins compatible for Editor in 0.45 ms, found 6 plugins.
Preloading 1 native plugins for Editor in 0.10 ms.
Unloading 1397 Unused Serialized files (Serialized files now loaded: 0)
System memory in use before: 68.4 MB.
System memory in use after: 68.4 MB.

Unloading 38 unused Assets to reduce memory usage. Loaded Objects now: 1821.
Total: 2.500700 ms (FindLiveObjects: 0.244800 ms CreateObjectMapping: 0.079400 ms MarkObjects: 1.945400 ms  DeleteObjects: 0.229500 ms)

========================================================================
Received Import Request.
  path: Assets/HuaYao
  artifactKey: Guid(636dd90afd9642547826bb0513e7cfb9) Importer(815301076,1909f56bfc062723c751e8b465ee728b)
Start importing Assets/HuaYao using Guid(636dd90afd9642547826bb0513e7cfb9) Importer(815301076,1909f56bfc062723c751e8b465ee728b)  -> (artifact id: '3cb38a9bed96704c79989c3d5ee09e46') in 0.010255 seconds
  Import took 0.014812 seconds .

========================================================================
Received Import Request.
  Time since last request: 0.000486 seconds.
  path: Assets/HuaYao/CommodityProgect
  artifactKey: Guid(2d0e83f568884a64387542109a35e210) Importer(815301076,1909f56bfc062723c751e8b465ee728b)
Start importing Assets/HuaYao/CommodityProgect using Guid(2d0e83f568884a64387542109a35e210) Importer(815301076,1909f56bfc062723c751e8b465ee728b)  -> (artifact id: '9f19701e74ba7273956d36014738014a') in 0.006042 seconds
  Import took 0.009178 seconds .

========================================================================
Received Import Request.
  Time since last request: 0.424125 seconds.
  path: Assets/HuaYao/CommodityProgect/BackGround
  artifactKey: Guid(7d6e2e8eceabe754fa14cc233c718322) Importer(815301076,1909f56bfc062723c751e8b465ee728b)
Start importing Assets/HuaYao/CommodityProgect/BackGround using Guid(7d6e2e8eceabe754fa14cc233c718322) Importer(815301076,1909f56bfc062723c751e8b465ee728b)  -> (artifact id: '944dc72eae83120dfb883e767e956f59') in 0.004771 seconds
  Import took 0.009038 seconds .

========================================================================
Received Import Request.
  Time since last request: 0.757596 seconds.
  path: Assets/HuaYao/CommodityProgect/BackGround/XuanRenTaiZi
  artifactKey: Guid(6bb433d95c1cf224dab996edad9240ae) Importer(815301076,1909f56bfc062723c751e8b465ee728b)
Start importing Assets/HuaYao/CommodityProgect/BackGround/XuanRenTaiZi using Guid(6bb433d95c1cf224dab996edad9240ae) Importer(815301076,1909f56bfc062723c751e8b465ee728b)  -> (artifact id: '0e633949e8824f6cf1ec7eca6d4abd9f') in 0.004674 seconds
  Import took 0.007650 seconds .

========================================================================
Received Import Request.
  Time since last request: 0.002075 seconds.
  path: Assets/HuaYao/CommodityProgect/BackGround/XuanRenTaiZi
  artifactKey: Guid(6bb433d95c1cf224dab996edad9240ae) Importer(815301076,1909f56bfc062723c751e8b465ee728b)
Start importing Assets/HuaYao/CommodityProgect/BackGround/XuanRenTaiZi using Guid(6bb433d95c1cf224dab996edad9240ae) Importer(815301076,1909f56bfc062723c751e8b465ee728b)  -> (artifact id: '0e633949e8824f6cf1ec7eca6d4abd9f') in 0.003878 seconds
  Import took 0.007025 seconds .

========================================================================
Received Import Request.
  Time since last request: 0.076358 seconds.
  path: Assets/HuaYao/CommodityProgect/BackGround/XuanRenTaiZi/xuan_ren_tai_zi.obj
  artifactKey: Guid(4a0f61c9262543a49b5c7abfb31e929b) Importer(815301076,1909f56bfc062723c751e8b465ee728b)
Start importing Assets/HuaYao/CommodityProgect/BackGround/XuanRenTaiZi/xuan_ren_tai_zi.obj using Guid(4a0f61c9262543a49b5c7abfb31e929b) Importer(815301076,1909f56bfc062723c751e8b465ee728b)  -> (artifact id: 'b0118896a981b4ade03fac1ecde52d47') in 0.170869 seconds
  Import took 0.173289 seconds .

========================================================================
Received Import Request.
  Time since last request: 43.071843 seconds.
  path: Assets/HuaYao/Demon/HuaYao/Text.prefab
  artifactKey: Guid(97025c3387b5b2a409173bdb679def5a) Importer(815301076,1909f56bfc062723c751e8b465ee728b)
Start importing Assets/HuaYao/Demon/HuaYao/Text.prefab using Guid(97025c3387b5b2a409173bdb679def5a) Importer(815301076,1909f56bfc062723c751e8b465ee728b)  -> (artifact id: '50ceaf0f0b8726b6f8607672112240c4') in 0.025388 seconds
  Import took 0.029473 seconds .

========================================================================
Received Import Request.
  Time since last request: 11.587544 seconds.
  path: Assets/GoogleVR/Beta/Textures
  artifactKey: Guid(31b21793f3d34604cb73e670e9121e0e) Importer(815301076,1909f56bfc062723c751e8b465ee728b)
Start importing Assets/GoogleVR/Beta/Textures using Guid(31b21793f3d34604cb73e670e9121e0e) Importer(815301076,1909f56bfc062723c751e8b465ee728b)  -> (artifact id: '315d7a81941eb14b19431fd0fc079684') in 0.006166 seconds
  Import took 0.009782 seconds .

========================================================================
Received Import Request.
  Time since last request: 0.059246 seconds.
  path: Assets/GoogleVR/Beta/Textures/Controller6DoF.png
  artifactKey: Guid(9b5d1610ce929b24c944336a19e52d3a) Importer(815301076,1909f56bfc062723c751e8b465ee728b)
Start importing Assets/GoogleVR/Beta/Textures/Controller6DoF.png using Guid(9b5d1610ce929b24c944336a19e52d3a) Importer(815301076,1909f56bfc062723c751e8b465ee728b)  -> (artifact id: '743c78329b42b808b3985540d72055ad') in 0.036364 seconds
  Import took 0.038646 seconds .

========================================================================
Received Import Request.
  Time since last request: 176.515057 seconds.
  path: Assets/HuaYao/CommodityProgect/BackGround/XuanRenTaiZi/Materials/2f6d5a1f.png
  artifactKey: Guid(38493b64c860347488c3adceb6f03618) Importer(815301076,1909f56bfc062723c751e8b465ee728b)
Start importing Assets/HuaYao/CommodityProgect/BackGround/XuanRenTaiZi/Materials/2f6d5a1f.png using Guid(38493b64c860347488c3adceb6f03618) Importer(815301076,1909f56bfc062723c751e8b465ee728b)  -> (artifact id: '0f0ee287f9e43ccc443fe026d6a5cf35') in 0.012699 seconds
  Import took 0.018605 seconds .

========================================================================
Received Import Request.
  Time since last request: 0.000278 seconds.
  path: Assets/HuaYao/Demon/HuaYao_Animation/HuaYao@Attack1.FBX
  artifactKey: Guid(2e6a794b99f7ebc4b83fe8b4ad59fad5) Importer(815301076,1909f56bfc062723c751e8b465ee728b)
Start importing Assets/HuaYao/Demon/HuaYao_Animation/HuaYao@Attack1.FBX using Guid(2e6a794b99f7ebc4b83fe8b4ad59fad5) Importer(815301076,1909f56bfc062723c751e8b465ee728b)  -> (artifact id: 'a3b0af7218e25b6cbe9078ffa954a512') in 0.011345 seconds
  Import took 0.014222 seconds .

========================================================================
Received Import Request.
  Time since last request: 0.000287 seconds.
  path: Assets/HuaYao/Demon/HuaYao_Animation/HuaYao@Attack3.FBX
  artifactKey: Guid(8c93064592c526c4299671c4202846dd) Importer(815301076,1909f56bfc062723c751e8b465ee728b)
Start importing Assets/HuaYao/Demon/HuaYao_Animation/HuaYao@Attack3.FBX using Guid(8c93064592c526c4299671c4202846dd) Importer(815301076,1909f56bfc062723c751e8b465ee728b)  -> (artifact id: 'd739a3b21cb8e602b447c14e05e4841c') in 0.008768 seconds
  Import took 0.012044 seconds .

========================================================================
Received Import Request.
  Time since last request: 0.000286 seconds.
  path: Assets/HuaYao/Demon/HuaYao_Animation/HuaYao@Attack2.FBX
  artifactKey: Guid(bcac86237a3bdfd4196b3ace9e0afea5) Importer(815301076,1909f56bfc062723c751e8b465ee728b)
Start importing Assets/HuaYao/Demon/HuaYao_Animation/HuaYao@Attack2.FBX using Guid(bcac86237a3bdfd4196b3ace9e0afea5) Importer(815301076,1909f56bfc062723c751e8b465ee728b)  -> (artifact id: '32eedb5764d6bd1fe2d9a936733acc15') in 0.007871 seconds
  Import took 0.010953 seconds .

========================================================================
Received Prepare
Registering precompiled user dll's ...
Registered in 0.005108 seconds.
Begin MonoManager ReloadAssembly
Native extension for WindowsStandalone target not found
Refreshing native plugins compatible for Editor in 0.72 ms, found 6 plugins.
Preloading 1 native plugins for Editor in 0.22 ms.
Invoked RoslynAnalysisRunner static constructor.
RoslynAnalysisRunner will not be running.
RoslynAnalysisRunner has terminated.
Mono: successfully reloaded assembly
- Completed reload, in  0.950 seconds
Platform modules already initialized, skipping
Refreshing native plugins compatible for Editor in 0.92 ms, found 6 plugins.
Preloading 1 native plugins for Editor in 0.23 ms.
Unloading 1373 Unused Serialized files (Serialized files now loaded: 0)
System memory in use before: 70.5 MB.
System memory in use after: 70.6 MB.

Unloading 33 unused Assets to reduce memory usage. Loaded Objects now: 1839.
Total: 3.149200 ms (FindLiveObjects: 0.305800 ms CreateObjectMapping: 0.148500 ms MarkObjects: 2.502700 ms  DeleteObjects: 0.190400 ms)

========================================================================
Received Prepare
Registering precompiled user dll's ...
Registered in 0.005010 seconds.
Begin MonoManager ReloadAssembly
Native extension for WindowsStandalone target not found
Refreshing native plugins compatible for Editor in 0.68 ms, found 6 plugins.
Preloading 1 native plugins for Editor in 0.17 ms.
Invoked RoslynAnalysisRunner static constructor.
RoslynAnalysisRunner will not be running.
RoslynAnalysisRunner has terminated.
Mono: successfully reloaded assembly
- Completed reload, in  1.129 seconds
Platform modules already initialized, skipping
Refreshing native plugins compatible for Editor in 0.47 ms, found 6 plugins.
Preloading 1 native plugins for Editor in 0.12 ms.
Unloading 1373 Unused Serialized files (Serialized files now loaded: 0)
System memory in use before: 70.6 MB.
System memory in use after: 70.6 MB.

Unloading 33 unused Assets to reduce memory usage. Loaded Objects now: 1843.
Total: 1.833800 ms (FindLiveObjects: 0.259800 ms CreateObjectMapping: 0.065100 ms MarkObjects: 1.434900 ms  DeleteObjects: 0.071600 ms)

========================================================================
Received Prepare
Registering precompiled user dll's ...
Registered in 0.004722 seconds.
Begin MonoManager ReloadAssembly
Native extension for WindowsStandalone target not found
Refreshing native plugins compatible for Editor in 0.56 ms, found 6 plugins.
Preloading 1 native plugins for Editor in 0.14 ms.
Invoked RoslynAnalysisRunner static constructor.
RoslynAnalysisRunner will not be running.
RoslynAnalysisRunner has terminated.
Mono: successfully reloaded assembly
- Completed reload, in  0.979 seconds
Platform modules already initialized, skipping
Refreshing native plugins compatible for Editor in 0.50 ms, found 6 plugins.
Preloading 1 native plugins for Editor in 0.12 ms.
Unloading 1373 Unused Serialized files (Serialized files now loaded: 0)
System memory in use before: 70.6 MB.
System memory in use after: 70.7 MB.

Unloading 33 unused Assets to reduce memory usage. Loaded Objects now: 1847.
Total: 2.066600 ms (FindLiveObjects: 0.173800 ms CreateObjectMapping: 0.088700 ms MarkObjects: 1.722200 ms  DeleteObjects: 0.080900 ms)

========================================================================
Received Prepare
Registering precompiled user dll's ...
Registered in 0.004050 seconds.
Begin MonoManager ReloadAssembly
Native extension for WindowsStandalone target not found
Refreshing native plugins compatible for Editor in 0.63 ms, found 6 plugins.
Preloading 1 native plugins for Editor in 0.22 ms.
Invoked RoslynAnalysisRunner static constructor.
RoslynAnalysisRunner will not be running.
RoslynAnalysisRunner has terminated.
Mono: successfully reloaded assembly
- Completed reload, in  1.108 seconds
Platform modules already initialized, skipping
Refreshing native plugins compatible for Editor in 0.54 ms, found 6 plugins.
Preloading 1 native plugins for Editor in 0.13 ms.
Unloading 1373 Unused Serialized files (Serialized files now loaded: 0)
System memory in use before: 70.6 MB.
System memory in use after: 70.7 MB.

Unloading 33 unused Assets to reduce memory usage. Loaded Objects now: 1851.
Total: 2.937500 ms (FindLiveObjects: 0.235900 ms CreateObjectMapping: 0.051300 ms MarkObjects: 2.485000 ms  DeleteObjects: 0.163700 ms)

========================================================================
Received Prepare
Registering precompiled user dll's ...
Registered in 0.004711 seconds.
Begin MonoManager ReloadAssembly
Native extension for WindowsStandalone target not found
Refreshing native plugins compatible for Editor in 0.50 ms, found 6 plugins.
Preloading 1 native plugins for Editor in 0.12 ms.
Invoked RoslynAnalysisRunner static constructor.
RoslynAnalysisRunner will not be running.
RoslynAnalysisRunner has terminated.
Mono: successfully reloaded assembly
- Completed reload, in  1.022 seconds
Platform modules already initialized, skipping
Refreshing native plugins compatible for Editor in 0.48 ms, found 6 plugins.
Preloading 1 native plugins for Editor in 0.11 ms.
Unloading 1373 Unused Serialized files (Serialized files now loaded: 0)
System memory in use before: 70.6 MB.
System memory in use after: 70.7 MB.

Unloading 33 unused Assets to reduce memory usage. Loaded Objects now: 1855.
Total: 1.740400 ms (FindLiveObjects: 0.157400 ms CreateObjectMapping: 0.041300 ms MarkObjects: 1.440600 ms  DeleteObjects: 0.099800 ms)

========================================================================
Received Prepare
Registering precompiled user dll's ...
Registered in 0.004224 seconds.
Begin MonoManager ReloadAssembly
Native extension for WindowsStandalone target not found
Refreshing native plugins compatible for Editor in 0.49 ms, found 6 plugins.
Preloading 1 native plugins for Editor in 0.14 ms.
Invoked RoslynAnalysisRunner static constructor.
RoslynAnalysisRunner will not be running.
RoslynAnalysisRunner has terminated.
Mono: successfully reloaded assembly
- Completed reload, in  1.019 seconds
Platform modules already initialized, skipping
Refreshing native plugins compatible for Editor in 0.48 ms, found 6 plugins.
Preloading 1 native plugins for Editor in 0.11 ms.
Unloading 1373 Unused Serialized files (Serialized files now loaded: 0)
System memory in use before: 70.6 MB.
System memory in use after: 70.7 MB.

Unloading 33 unused Assets to reduce memory usage. Loaded Objects now: 1859.
Total: 2.209500 ms (FindLiveObjects: 0.141300 ms CreateObjectMapping: 0.043400 ms MarkObjects: 1.879900 ms  DeleteObjects: 0.143300 ms)

========================================================================
Received Prepare
Registering precompiled user dll's ...
Registered in 0.004017 seconds.
Begin MonoManager ReloadAssembly
Native extension for WindowsStandalone target not found
Refreshing native plugins compatible for Editor in 0.55 ms, found 6 plugins.
Preloading 1 native plugins for Editor in 0.16 ms.
Invoked RoslynAnalysisRunner static constructor.
RoslynAnalysisRunner will not be running.
RoslynAnalysisRunner has terminated.
Mono: successfully reloaded assembly
- Completed reload, in  0.939 seconds
Platform modules already initialized, skipping
Refreshing native plugins compatible for Editor in 0.47 ms, found 6 plugins.
Preloading 1 native plugins for Editor in 0.10 ms.
Unloading 1373 Unused Serialized files (Serialized files now loaded: 0)
System memory in use before: 70.6 MB.
System memory in use after: 70.7 MB.

Unloading 33 unused Assets to reduce memory usage. Loaded Objects now: 1863.
Total: 2.086000 ms (FindLiveObjects: 0.183400 ms CreateObjectMapping: 0.038700 ms MarkObjects: 1.764000 ms  DeleteObjects: 0.098300 ms)

========================================================================
Received Import Request.
  Time since last request: 1110.849029 seconds.
  path: Assets/HuaYao/Demon/HuaYao/HuaYao.FBX
  artifactKey: Guid(fb4ee977e7d532a49ad9b14344240c98) Importer(815301076,1909f56bfc062723c751e8b465ee728b)
Start importing Assets/HuaYao/Demon/HuaYao/HuaYao.FBX using Guid(fb4ee977e7d532a49ad9b14344240c98) Importer(815301076,1909f56bfc062723c751e8b465ee728b)  -> (artifact id: '1eecd05a6669d6ae81d8316796c63168') in 0.118685 seconds
  Import took 0.122452 seconds .

========================================================================
Received Import Request.
  Time since last request: 0.000382 seconds.
  path: Assets/HuaYao/Demon/HuaYao/HuaYao_02.tga
  artifactKey: Guid(dcc4ad1ca67783842bb2442d604acb02) Importer(815301076,1909f56bfc062723c751e8b465ee728b)
Start importing Assets/HuaYao/Demon/HuaYao/HuaYao_02.tga using Guid(dcc4ad1ca67783842bb2442d604acb02) Importer(815301076,1909f56bfc062723c751e8b465ee728b)  -> (artifact id: 'c2c09dfac287899f1d0f785c51519ff0') in 0.020214 seconds
  Import took 0.022607 seconds .

========================================================================
Received Import Request.
  Time since last request: 0.000257 seconds.
  path: Assets/HuaYao/Demon/HuaYao/HuaYao_01.tga
  artifactKey: Guid(e8c8b1f680644a9449bb036152d6a45d) Importer(815301076,1909f56bfc062723c751e8b465ee728b)
Start importing Assets/HuaYao/Demon/HuaYao/HuaYao_01.tga using Guid(e8c8b1f680644a9449bb036152d6a45d) Importer(815301076,1909f56bfc062723c751e8b465ee728b)  -> (artifact id: 'cd15eab56d9c89a84bfb8aaa8249e853') in 0.013071 seconds
  Import took 0.015433 seconds .

========================================================================
Received Import Request.
  Time since last request: 0.000364 seconds.
  path: Assets/HuaYao/Demon/HuaYao/HuaYao_03.tga
  artifactKey: Guid(2967ef7f0b09bb347a32a9a50750b11d) Importer(815301076,1909f56bfc062723c751e8b465ee728b)
Start importing Assets/HuaYao/Demon/HuaYao/HuaYao_03.tga using Guid(2967ef7f0b09bb347a32a9a50750b11d) Importer(815301076,1909f56bfc062723c751e8b465ee728b)  -> (artifact id: '5b22d834823af4184d1f23dd3575a30e') in 0.012242 seconds
  Import took 0.014665 seconds .

========================================================================
Received Import Request.
  Time since last request: 0.000270 seconds.
  path: Assets/HuaYao/Demon/HuaYao/HuaYao_03.prefab
  artifactKey: Guid(2a2eaaaaf202acc4291e6f046a2c6f5d) Importer(815301076,1909f56bfc062723c751e8b465ee728b)
Start importing Assets/HuaYao/Demon/HuaYao/HuaYao_03.prefab using Guid(2a2eaaaaf202acc4291e6f046a2c6f5d) Importer(815301076,1909f56bfc062723c751e8b465ee728b)  -> (artifact id: 'c262c127e13b15d9c81c98a445b8c169') in 0.018720 seconds
  Import took 0.022144 seconds .

========================================================================
Received Import Request.
  Time since last request: 0.000300 seconds.
  path: Assets/HuaYao/Demon/HuaYao/HuaYao_01.prefab
  artifactKey: Guid(cb2a63aa7e6bbda4b8127e31c18ef3e9) Importer(815301076,1909f56bfc062723c751e8b465ee728b)
Start importing Assets/HuaYao/Demon/HuaYao/HuaYao_01.prefab using Guid(cb2a63aa7e6bbda4b8127e31c18ef3e9) Importer(815301076,1909f56bfc062723c751e8b465ee728b)  -> (artifact id: '2c35eaa5ed7d2005f29f318f44c00c79') in 0.017263 seconds
  Import took 0.020472 seconds .

========================================================================
Received Import Request.
  Time since last request: 0.000266 seconds.
  path: Assets/HuaYao/Demon/HuaYao/HuaYao_02 Variant 1.prefab
  artifactKey: Guid(2d28cf0772144344bafda6cc86ac44d2) Importer(815301076,1909f56bfc062723c751e8b465ee728b)
Start importing Assets/HuaYao/Demon/HuaYao/HuaYao_02 Variant 1.prefab using Guid(2d28cf0772144344bafda6cc86ac44d2) Importer(815301076,1909f56bfc062723c751e8b465ee728b)  -> (artifact id: 'a014fdf075947e15d7b5eda5e70908ec') in 0.041648 seconds
  Import took 0.045232 seconds .

========================================================================
Received Import Request.
  Time since last request: 0.000313 seconds.
  path: Assets/HuaYao/Demon/HuaYao/HuaYao.FBX
  artifactKey: Guid(fb4ee977e7d532a49ad9b14344240c98) Importer(815301076,1909f56bfc062723c751e8b465ee728b)
Start importing Assets/HuaYao/Demon/HuaYao/HuaYao.FBX using Guid(fb4ee977e7d532a49ad9b14344240c98) Importer(815301076,1909f56bfc062723c751e8b465ee728b)  -> (artifact id: '1eecd05a6669d6ae81d8316796c63168') in 0.023163 seconds
  Import took 0.026408 seconds .

========================================================================
Received Import Request.
  Time since last request: 0.000268 seconds.
  path: Assets/HuaYao/Demon/HuaYao/HuaYao_02 Variant 1.prefab
  artifactKey: Guid(2d28cf0772144344bafda6cc86ac44d2) Importer(815301076,1909f56bfc062723c751e8b465ee728b)
Start importing Assets/HuaYao/Demon/HuaYao/HuaYao_02 Variant 1.prefab using Guid(2d28cf0772144344bafda6cc86ac44d2) Importer(815301076,1909f56bfc062723c751e8b465ee728b)  -> (artifact id: 'a014fdf075947e15d7b5eda5e70908ec') in 0.020076 seconds
  Import took 0.025030 seconds .

========================================================================
Received Import Request.
  Time since last request: 0.000361 seconds.
  path: Assets/HuaYao/Demon/HuaYao/HuaYao_02 Variant.prefab
  artifactKey: Guid(ef90b06ee68dc374788f08cfdf08add8) Importer(815301076,1909f56bfc062723c751e8b465ee728b)
Start importing Assets/HuaYao/Demon/HuaYao/HuaYao_02 Variant.prefab using Guid(ef90b06ee68dc374788f08cfdf08add8) Importer(815301076,1909f56bfc062723c751e8b465ee728b)  -> (artifact id: 'b1423be0368ceb4dd14639ef3a394539') in 0.027134 seconds
  Import took 0.031980 seconds .

========================================================================
Received Import Request.
  Time since last request: 0.000326 seconds.
  path: Assets/HuaYao/Demon/HuaYao/HuaYao_02.prefab
  artifactKey: Guid(c3b68bdc51549c94b901881e33c43c96) Importer(815301076,1909f56bfc062723c751e8b465ee728b)
Start importing Assets/HuaYao/Demon/HuaYao/HuaYao_02.prefab using Guid(c3b68bdc51549c94b901881e33c43c96) Importer(815301076,1909f56bfc062723c751e8b465ee728b)  -> (artifact id: 'e3445d3ac3bd75e2bbbf0ef55e9428e3') in 0.017151 seconds
  Import took 0.020068 seconds .

========================================================================
Received Prepare
Registering precompiled user dll's ...
Registered in 0.004279 seconds.
Begin MonoManager ReloadAssembly
Native extension for WindowsStandalone target not found
Refreshing native plugins compatible for Editor in 0.58 ms, found 6 plugins.
Preloading 1 native plugins for Editor in 0.16 ms.
Invoked RoslynAnalysisRunner static constructor.
RoslynAnalysisRunner will not be running.
RoslynAnalysisRunner has terminated.
Mono: successfully reloaded assembly
- Completed reload, in  0.967 seconds
Platform modules already initialized, skipping
Refreshing native plugins compatible for Editor in 0.49 ms, found 6 plugins.
Preloading 1 native plugins for Editor in 0.13 ms.
Unloading 1373 Unused Serialized files (Serialized files now loaded: 0)
System memory in use before: 84.7 MB.
System memory in use after: 84.8 MB.

Unloading 33 unused Assets to reduce memory usage. Loaded Objects now: 1869.
Total: 1.596400 ms (FindLiveObjects: 0.155600 ms CreateObjectMapping: 0.049100 ms MarkObjects: 1.314800 ms  DeleteObjects: 0.075500 ms)

========================================================================
Received Prepare
Registering precompiled user dll's ...
Registered in 0.004331 seconds.
Begin MonoManager ReloadAssembly
Native extension for WindowsStandalone target not found
Refreshing native plugins compatible for Editor in 1.26 ms, found 6 plugins.
Preloading 1 native plugins for Editor in 0.43 ms.
Invoked RoslynAnalysisRunner static constructor.
RoslynAnalysisRunner will not be running.
RoslynAnalysisRunner has terminated.
Mono: successfully reloaded assembly
- Completed reload, in  1.222 seconds
Platform modules already initialized, skipping
Refreshing native plugins compatible for Editor in 0.47 ms, found 6 plugins.
Preloading 1 native plugins for Editor in 0.11 ms.
Unloading 1373 Unused Serialized files (Serialized files now loaded: 0)
System memory in use before: 84.7 MB.
System memory in use after: 84.8 MB.

Unloading 33 unused Assets to reduce memory usage. Loaded Objects now: 1873.
Total: 3.128700 ms (FindLiveObjects: 0.236500 ms CreateObjectMapping: 0.076900 ms MarkObjects: 2.639800 ms  DeleteObjects: 0.172900 ms)

========================================================================
Received Prepare
Registering precompiled user dll's ...
Registered in 0.004589 seconds.
Begin MonoManager ReloadAssembly
Native extension for WindowsStandalone target not found
Refreshing native plugins compatible for Editor in 0.52 ms, found 6 plugins.
Preloading 1 native plugins for Editor in 0.16 ms.
Invoked RoslynAnalysisRunner static constructor.
RoslynAnalysisRunner will not be running.
RoslynAnalysisRunner has terminated.
Mono: successfully reloaded assembly
- Completed reload, in  1.004 seconds
Platform modules already initialized, skipping
Refreshing native plugins compatible for Editor in 0.48 ms, found 6 plugins.
Preloading 1 native plugins for Editor in 0.12 ms.
Unloading 1373 Unused Serialized files (Serialized files now loaded: 0)
System memory in use before: 84.7 MB.
System memory in use after: 84.8 MB.

Unloading 33 unused Assets to reduce memory usage. Loaded Objects now: 1877.
Total: 2.918900 ms (FindLiveObjects: 0.138700 ms CreateObjectMapping: 0.085400 ms MarkObjects: 2.587700 ms  DeleteObjects: 0.105100 ms)

========================================================================
Received Prepare
Registering precompiled user dll's ...
Registered in 0.004041 seconds.
Begin MonoManager ReloadAssembly
Native extension for WindowsStandalone target not found
Refreshing native plugins compatible for Editor in 0.50 ms, found 6 plugins.
Preloading 1 native plugins for Editor in 0.14 ms.
Invoked RoslynAnalysisRunner static constructor.
RoslynAnalysisRunner will not be running.
RoslynAnalysisRunner has terminated.
Mono: successfully reloaded assembly
- Completed reload, in  0.874 seconds
Platform modules already initialized, skipping
Refreshing native plugins compatible for Editor in 0.46 ms, found 6 plugins.
Preloading 1 native plugins for Editor in 0.10 ms.
Unloading 1373 Unused Serialized files (Serialized files now loaded: 0)
System memory in use before: 84.7 MB.
System memory in use after: 84.8 MB.

Unloading 33 unused Assets to reduce memory usage. Loaded Objects now: 1881.
Total: 2.102500 ms (FindLiveObjects: 0.164200 ms CreateObjectMapping: 0.038100 ms MarkObjects: 1.799600 ms  DeleteObjects: 0.099500 ms)

========================================================================
Received Prepare
Registering precompiled user dll's ...
Registered in 0.008623 seconds.
Begin MonoManager ReloadAssembly
Native extension for WindowsStandalone target not found
Refreshing native plugins compatible for Editor in 0.95 ms, found 6 plugins.
Preloading 1 native plugins for Editor in 0.30 ms.
Invoked RoslynAnalysisRunner static constructor.
RoslynAnalysisRunner will not be running.
RoslynAnalysisRunner has terminated.
Mono: successfully reloaded assembly
- Completed reload, in  1.121 seconds
Platform modules already initialized, skipping
Refreshing native plugins compatible for Editor in 0.65 ms, found 6 plugins.
Preloading 1 native plugins for Editor in 0.13 ms.
Unloading 1373 Unused Serialized files (Serialized files now loaded: 0)
System memory in use before: 84.7 MB.
System memory in use after: 84.8 MB.

Unloading 33 unused Assets to reduce memory usage. Loaded Objects now: 1885.
Total: 2.049300 ms (FindLiveObjects: 0.153200 ms CreateObjectMapping: 0.043200 ms MarkObjects: 1.734100 ms  DeleteObjects: 0.116900 ms)

========================================================================
Received Prepare
Registering precompiled user dll's ...
Registered in 0.008415 seconds.
Begin MonoManager ReloadAssembly
Native extension for WindowsStandalone target not found
Refreshing native plugins compatible for Editor in 0.77 ms, found 6 plugins.
Preloading 1 native plugins for Editor in 0.37 ms.
Invoked RoslynAnalysisRunner static constructor.
RoslynAnalysisRunner will not be running.
RoslynAnalysisRunner has terminated.
Mono: successfully reloaded assembly
- Completed reload, in  1.997 seconds
Platform modules already initialized, skipping
Refreshing native plugins compatible for Editor in 0.93 ms, found 6 plugins.
Preloading 1 native plugins for Editor in 0.29 ms.
Unloading 1373 Unused Serialized files (Serialized files now loaded: 0)
System memory in use before: 84.7 MB.
System memory in use after: 84.8 MB.

Unloading 33 unused Assets to reduce memory usage. Loaded Objects now: 1889.
Total: 3.483800 ms (FindLiveObjects: 0.340300 ms CreateObjectMapping: 0.121400 ms MarkObjects: 2.881300 ms  DeleteObjects: 0.137600 ms)

========================================================================
Received Prepare
Registering precompiled user dll's ...
Registered in 0.004450 seconds.
Begin MonoManager ReloadAssembly
Native extension for WindowsStandalone target not found
Refreshing native plugins compatible for Editor in 1.04 ms, found 6 plugins.
Preloading 1 native plugins for Editor in 0.33 ms.
Invoked RoslynAnalysisRunner static constructor.
RoslynAnalysisRunner will not be running.
RoslynAnalysisRunner has terminated.
Mono: successfully reloaded assembly
- Completed reload, in  1.168 seconds
Platform modules already initialized, skipping
Refreshing native plugins compatible for Editor in 0.49 ms, found 6 plugins.
Preloading 1 native plugins for Editor in 0.12 ms.
Unloading 1373 Unused Serialized files (Serialized files now loaded: 0)
System memory in use before: 84.7 MB.
System memory in use after: 84.8 MB.

Unloading 33 unused Assets to reduce memory usage. Loaded Objects now: 1893.
Total: 2.050700 ms (FindLiveObjects: 0.311900 ms CreateObjectMapping: 0.077700 ms MarkObjects: 1.560000 ms  DeleteObjects: 0.098400 ms)

========================================================================
Received Prepare
Registering precompiled user dll's ...
Registered in 0.005237 seconds.
Begin MonoManager ReloadAssembly
Native extension for WindowsStandalone target not found
Refreshing native plugins compatible for Editor in 0.77 ms, found 6 plugins.
Preloading 1 native plugins for Editor in 0.20 ms.
Invoked RoslynAnalysisRunner static constructor.
RoslynAnalysisRunner will not be running.
RoslynAnalysisRunner has terminated.
Mono: successfully reloaded assembly
- Completed reload, in  1.200 seconds
Platform modules already initialized, skipping
Refreshing native plugins compatible for Editor in 0.49 ms, found 6 plugins.
Preloading 1 native plugins for Editor in 0.12 ms.
Unloading 1373 Unused Serialized files (Serialized files now loaded: 0)
System memory in use before: 84.8 MB.
System memory in use after: 84.8 MB.

Unloading 33 unused Assets to reduce memory usage. Loaded Objects now: 1897.
Total: 2.428800 ms (FindLiveObjects: 0.199400 ms CreateObjectMapping: 0.057900 ms MarkObjects: 2.052300 ms  DeleteObjects: 0.117100 ms)

========================================================================
Received Prepare
Registering precompiled user dll's ...
Registered in 0.003934 seconds.
Begin MonoManager ReloadAssembly
Native extension for WindowsStandalone target not found
Refreshing native plugins compatible for Editor in 0.72 ms, found 6 plugins.
Preloading 1 native plugins for Editor in 0.19 ms.
Invoked RoslynAnalysisRunner static constructor.
RoslynAnalysisRunner will not be running.
RoslynAnalysisRunner has terminated.
Mono: successfully reloaded assembly
- Completed reload, in  1.099 seconds
Platform modules already initialized, skipping
Refreshing native plugins compatible for Editor in 0.64 ms, found 6 plugins.
Preloading 1 native plugins for Editor in 0.17 ms.
Unloading 1373 Unused Serialized files (Serialized files now loaded: 0)
System memory in use before: 84.8 MB.
System memory in use after: 84.8 MB.

Unloading 33 unused Assets to reduce memory usage. Loaded Objects now: 1901.
Total: 2.089400 ms (FindLiveObjects: 0.268300 ms CreateObjectMapping: 0.085300 ms MarkObjects: 1.659800 ms  DeleteObjects: 0.073500 ms)

========================================================================
Received Prepare
Registering precompiled user dll's ...
Registered in 0.004415 seconds.
Begin MonoManager ReloadAssembly
Native extension for WindowsStandalone target not found
Refreshing native plugins compatible for Editor in 0.50 ms, found 6 plugins.
Preloading 1 native plugins for Editor in 0.14 ms.
Invoked RoslynAnalysisRunner static constructor.
RoslynAnalysisRunner will not be running.
RoslynAnalysisRunner has terminated.
Mono: successfully reloaded assembly
- Completed reload, in  1.149 seconds
Platform modules already initialized, skipping
Refreshing native plugins compatible for Editor in 0.48 ms, found 6 plugins.
Preloading 1 native plugins for Editor in 0.12 ms.
Unloading 1373 Unused Serialized files (Serialized files now loaded: 0)
System memory in use before: 84.8 MB.
System memory in use after: 84.8 MB.

Unloading 33 unused Assets to reduce memory usage. Loaded Objects now: 1905.
Total: 3.240400 ms (FindLiveObjects: 0.328000 ms CreateObjectMapping: 0.137600 ms MarkObjects: 2.647500 ms  DeleteObjects: 0.124400 ms)

========================================================================
Received Prepare
Registering precompiled user dll's ...
Registered in 0.011518 seconds.
Begin MonoManager ReloadAssembly
Native extension for WindowsStandalone target not found
Refreshing native plugins compatible for Editor in 0.96 ms, found 6 plugins.
Preloading 1 native plugins for Editor in 0.27 ms.
Invoked RoslynAnalysisRunner static constructor.
RoslynAnalysisRunner will not be running.
RoslynAnalysisRunner has terminated.
Mono: successfully reloaded assembly
- Completed reload, in  1.969 seconds
Platform modules already initialized, skipping
Refreshing native plugins compatible for Editor in 0.70 ms, found 6 plugins.
Preloading 1 native plugins for Editor in 0.21 ms.
Unloading 1373 Unused Serialized files (Serialized files now loaded: 0)
System memory in use before: 84.5 MB.
System memory in use after: 84.6 MB.

Unloading 33 unused Assets to reduce memory usage. Loaded Objects now: 1909.
Total: 4.427800 ms (FindLiveObjects: 0.658000 ms CreateObjectMapping: 0.398100 ms MarkObjects: 3.236000 ms  DeleteObjects: 0.129600 ms)

========================================================================
Received Import Request.
  Time since last request: 2345.262415 seconds.
  path: Assets/HuaYao/RTTTest
  artifactKey: Guid(f7b1cd051d0448848a12d725c0fc18e9) Importer(815301076,1909f56bfc062723c751e8b465ee728b)
Start importing Assets/HuaYao/RTTTest using Guid(f7b1cd051d0448848a12d725c0fc18e9) Importer(815301076,1909f56bfc062723c751e8b465ee728b)  -> (artifact id: 'ee50700f11e1175410e5cde64b19c8bb') in 0.009772 seconds
  Import took 0.014827 seconds .

========================================================================
Received Import Request.
  Time since last request: 0.001662 seconds.
  path: Assets/HuaYao/RTTTest
  artifactKey: Guid(f7b1cd051d0448848a12d725c0fc18e9) Importer(815301076,1909f56bfc062723c751e8b465ee728b)
Start importing Assets/HuaYao/RTTTest using Guid(f7b1cd051d0448848a12d725c0fc18e9) Importer(815301076,1909f56bfc062723c751e8b465ee728b)  -> (artifact id: 'ee50700f11e1175410e5cde64b19c8bb') in 0.004571 seconds
  Import took 0.006902 seconds .

========================================================================
Received Import Request.
  Time since last request: 1.721601 seconds.
  path: Assets/HuaYao/Demon
  artifactKey: Guid(bd7f67439cf80004385a928e5baa0394) Importer(815301076,1909f56bfc062723c751e8b465ee728b)
Start importing Assets/HuaYao/Demon using Guid(bd7f67439cf80004385a928e5baa0394) Importer(815301076,1909f56bfc062723c751e8b465ee728b)  -> (artifact id: 'c1103a58a585d443726be2bfc8af2785') in 0.006021 seconds
  Import took 0.010113 seconds .

========================================================================
Received Import Request.
  Time since last request: 3.684422 seconds.
  path: Assets/HuaYao/Demon/HuaYao
  artifactKey: Guid(7ef5487b8a07c8540bf1a05678a418e2) Importer(815301076,1909f56bfc062723c751e8b465ee728b)
Start importing Assets/HuaYao/Demon/HuaYao using Guid(7ef5487b8a07c8540bf1a05678a418e2) Importer(815301076,1909f56bfc062723c751e8b465ee728b)  -> (artifact id: 'b365d75ea90b4586949f0b61712e37fd') in 0.004195 seconds
  Import took 0.009783 seconds .

========================================================================
Received Import Request.
  Time since last request: 0.001509 seconds.
  path: Assets/HuaYao/Demon/HuaYao
  artifactKey: Guid(7ef5487b8a07c8540bf1a05678a418e2) Importer(815301076,1909f56bfc062723c751e8b465ee728b)
Start importing Assets/HuaYao/Demon/HuaYao using Guid(7ef5487b8a07c8540bf1a05678a418e2) Importer(815301076,1909f56bfc062723c751e8b465ee728b)  -> (artifact id: 'b365d75ea90b4586949f0b61712e37fd') in 0.004087 seconds
  Import took 0.006976 seconds .

